Latias Фея из команды зеленых вступает в бой!
Marill Змейка из команды фиолетовых вступает в бой!
Latias Фея использует атаку IceBeam. 
Marill Змейка теряет 3 здоровья.

Marill Змейка использует атаку Amnesia. 
Marill Змейка увеличивает специальную защиту.

Latias Фея использует атаку Aerial Ace. 
Marill Змейка теряет 3 здоровья.

Marill Змейка использует атаку TailWhip. 
Latias Фея увеличивает защиту.

Latias Фея использует атаку Swagger. 
Marill Змейка увеличивает атаку.

Marill Змейка использует атаку Amnesia. 
Marill Змейка увеличивает специальную защиту.

Latias Фея использует атаку IceBeam. 
Marill Змейка теряет 2 здоровья.

Marill Змейка использует атаку Amnesia. 
Marill Змейка увеличивает специальную защиту.

Latias Фея использует атаку IceBeam. 
Marill Змейка теряет 2 здоровья.

Marill Змейка использует атаку Amnesia. 
Marill Змейка увеличивает специальную защиту.

Latias Фея использует атаку Swagger. 
Marill Змейка увеличивает атаку.

Marill Змейка растерянно попадает по себе. 
Marill Змейка теряет 3 здоровья.
Marill Змейка теряет сознание.
Azurill Апельсин из команды фиолетовых вступает в бой!
Latias Фея использует атаку IceBeam. 
Azurill Апельсин теряет 4 здоровья.

Azurill Апельсин использует атаку Rest. 
Azurill Апельсин засыпает
Azurill Апельсин восстанавливает 4 здоровья.

Latias Фея использует атаку IceBeam. 
Azurill Апельсин теряет 4 здоровья.

Azurill Апельсин использует атаку TailWhip. 
Latias Фея увеличивает защиту.

Latias Фея использует атаку IceBeam. 
Критический удар!
Azurill Апельсин теряет 11 здоровья.
Azurill Апельсин теряет сознание.
Azumarill Летучий из команды фиолетовых вступает в бой!
Latias Фея использует атаку IceBeam. 
Azumarill Летучий теряет 2 здоровья.

Azumarill Летучий использует атаку TailWhip. 
Latias Фея увеличивает защиту.

Latias Фея использует атаку Aerial Ace. 
Azumarill Летучий теряет 3 здоровья.

Azumarill Летучий использует атаку Amnesia. 
Azumarill Летучий увеличивает специальную защиту.

Latias Фея использует атаку Swagger. 
Azumarill Летучий увеличивает атаку.

Azumarill Летучий использует атаку Facade. 
Latias Фея теряет 5 здоровья.

Latias Фея использует атаку Swagger. 
Azumarill Летучий увеличивает атаку.

Azumarill Летучий использует атаку Facade. 
Latias Фея теряет 3 здоровья.

Latias Фея использует атаку Aerial Ace. 
Azumarill Летучий теряет 4 здоровья.

Azumarill Летучий растерянно попадает по себе. 
Azumarill Летучий теряет 5 здоровья.
Azumarill Летучий теряет сознание.
В команде фиолетовых не осталось покемонов.
Команда зеленых побеждает в этом бою!
